[2025-01-16 06:40:54] production.ERROR: cURL error 6: Could not resolve host: ip-api.com (see https://curl.haxx.se/libcurl/c/libcurl-errors.html) for http://ip-api.com/json/127.0.0.1 {"userId":1,"exception":"[object] (Illuminate\\Http\\Client\\ConnectionException(code: 0): cURL error 6: Could not resolve host: ip-api.com (see https://curl.haxx.se/libcurl/c/libcurl-errors.html) for http://ip-api.com/json/127.0.0.1 at /Users/solarinayomide/Desktop/JEKACODE MVP/vendor/laravel/framework/src/Illuminate/Http/Client/PendingRequest.php:855)
[stacktrace]
#0 /Users/solarinayomide/Desktop/JEKACODE MVP/vendor/laravel/framework/src/Illuminate/Support/helpers.php(247): Illuminate\\Http\\Client\\PendingRequest->Illuminate\\Http\\Client\\{closure}(1)
#1 /Users/solarinayomide/Desktop/JEKACODE MVP/vendor/laravel/framework/src/Illuminate/Http/Client/PendingRequest.php(821): retry(0, Object(Closure), 100, Object(Closure))
#2 /Users/solarinayomide/Desktop/JEKACODE MVP/vendor/laravel/framework/src/Illuminate/Http/Client/PendingRequest.php(699): Illuminate\\Http\\Client\\PendingRequest->send('GET', 'http://ip-api.c...', Array)
#3 /Users/solarinayomide/Desktop/JEKACODE MVP/vendor/laravel/framework/src/Illuminate/Http/Client/Factory.php(385): Illuminate\\Http\\Client\\PendingRequest->get('http://ip-api.c...')
#4 /Users/solarinayomide/Desktop/JEKACODE MVP/vendor/laravel/framework/src/Illuminate/Support/Facades/Facade.php(338): Illuminate\\Http\\Client\\Factory->__call('get', Array)
#5 /Users/solarinayomide/Desktop/JEKACODE MVP/app/Mixins/Logs/UserLoginHistoryMixin.php(91): Illuminate\\Support\\Facades\\Facade::__callStatic('get', Array)
#6 /Users/solarinayomide/Desktop/JEKACODE MVP/app/Mixins/Logs/UserLoginHistoryMixin.php(38): App\\Mixins\\Logs\\UserLoginHistoryMixin->getUserLocation('127.0.0.1')
#7 /Users/solarinayomide/Desktop/JEKACODE MVP/app/Http/Controllers/Admin/LoginController.php(112): App\\Mixins\\Logs\\UserLoginHistoryMixin->storeUserLoginHistory(Object(App\\User))
#8 /Users/solarinayomide/Desktop/JEKACODE MVP/vendor/laravel/framework/src/Illuminate/Routing/Controller.php(54): App\\Http\\Controllers\\Admin\\LoginController->login(Object(Illuminate\\Http\\Request))
#9 /Users/solarinayomide/Desktop/JEKACODE MVP/vendor/laravel/framework/src/Illuminate/Routing/ControllerDispatcher.php(43): Illuminate\\Routing\\Controller->callAction('login', Array)
#10 /Users/solarinayomide/Desktop/JEKACODE MVP/vendor/laravel/framework/src/Illuminate/Routing/Route.php(259): Illuminate\\Routing\\ControllerDispatcher->dispatch(Object(Illuminate\\Routing\\Route), Object(App\\Http\\Controllers\\Admin\\LoginController), 'login')
#11 /Users/solarinayomide/Desktop/JEKACODE MVP/vendor/laravel/framework/src/Illuminate/Routing/Route.php(205): Illuminate\\Routing\\Route->runController()
#12 /Users/solarinayomide/Desktop/JEKACODE MVP/vendor/laravel/framework/src/Illuminate/Routing/Router.php(798): Illuminate\\Routing\\Route->run()
#13 /Users/solarinayomide/Desktop/JEKACODE MVP/vendor/laravel/framework/src/Illuminate/Pipeline/Pipeline.php(141): Illuminate\\Routing\\Router->Illuminate\\Routing\\{closure}(Object(Illuminate\\Http\\Request))
#14 /Users/solarinayomide/Desktop/JEKACODE MVP/app/Http/Middleware/RedirectIfAuthenticated.php(30): Illuminate\\Pipeline\\Pipeline->Illuminate\\Pipeline\\{closure}(Object(Illuminate\\Http\\Request))
#15 /Users/solarinayomide/Desktop/JEKACODE MVP/vendor/laravel/framework/src/Illuminate/Pipeline/Pipeline.php(180): App\\Http\\Middleware\\RedirectIfAuthenticated->handle(Object(Illuminate\\Http\\Request), Object(Closure))
#16 /Users/solarinayomide/Desktop/JEKACODE MVP/app/Http/Middleware/AdminLocale.php(37): Illuminate\\Pipeline\\Pipeline->Illuminate\\Pipeline\\{closure}(Object(Illuminate\\Http\\Request))
#17 /Users/solarinayomide/Desktop/JEKACODE MVP/vendor/laravel/framework/src/Illuminate/Pipeline/Pipeline.php(180): App\\Http\\Middleware\\AdminLocale->handle(Object(Illuminate\\Http\\Request), Object(Closure))
#18 /Users/solarinayomide/Desktop/JEKACODE MVP/app/Http/Middleware/DebugBar.php(22): Illuminate\\Pipeline\\Pipeline->Illuminate\\Pipeline\\{closure}(Object(Illuminate\\Http\\Request))
#19 /Users/solarinayomide/Desktop/JEKACODE MVP/vendor/laravel/framework/src/Illuminate/Pipeline/Pipeline.php(180): App\\Http\\Middleware\\DebugBar->handle(Object(Illuminate\\Http\\Request), Object(Closure))
#20 /Users/solarinayomide/Desktop/JEKACODE MVP/app/Http/Middleware/UserLocale.php(44): Illuminate\\Pipeline\\Pipeline->Illuminate\\Pipeline\\{closure}(Object(Illuminate\\Http\\Request))
#21 /Users/solarinayomide/Desktop/JEKACODE MVP/vendor/laravel/framework/src/Illuminate/Pipeline/Pipeline.php(180): App\\Http\\Middleware\\UserLocale->handle(Object(Illuminate\\Http\\Request), Object(Closure))
#22 /Users/solarinayomide/Desktop/JEKACODE MVP/vendor/laravel/framework/src/Illuminate/Routing/Middleware/SubstituteBindings.php(50): Illuminate\\Pipeline\\Pipeline->Illuminate\\Pipeline\\{closure}(Object(Illuminate\\Http\\Request))
#23 /Users/solarinayomide/Desktop/JEKACODE MVP/vendor/laravel/framework/src/Illuminate/Pipeline/Pipeline.php(180): Illuminate\\Routing\\Middleware\\SubstituteBindings->handle(Object(Illuminate\\Http\\Request), Object(Closure))
#24 /Users/solarinayomide/Desktop/JEKACODE MVP/vendor/laravel/framework/src/Illuminate/Foundation/Http/Middleware/VerifyCsrfToken.php(78): Illuminate\\Pipeline\\Pipeline->Illuminate\\Pipeline\\{closure}(Object(Illuminate\\Http\\Request))
#25 /Users/solarinayomide/Desktop/JEKACODE MVP/vendor/laravel/framework/src/Illuminate/Pipeline/Pipeline.php(180): Illuminate\\Foundation\\Http\\Middleware\\VerifyCsrfToken->handle(Object(Illuminate\\Http\\Request), Object(Closure))
#26 /Users/solarinayomide/Desktop/JEKACODE MVP/vendor/laravel/framework/src/Illuminate/View/Middleware/ShareErrorsFromSession.php(49): Illuminate\\Pipeline\\Pipeline->Illuminate\\Pipeline\\{closure}(Object(Illuminate\\Http\\Request))
#27 /Users/solarinayomide/Desktop/JEKACODE MVP/vendor/laravel/framework/src/Illuminate/Pipeline/Pipeline.php(180): Illuminate\\View\\Middleware\\ShareErrorsFromSession->handle(Object(Illuminate\\Http\\Request), Object(Closure))
#28 /Users/solarinayomide/Desktop/JEKACODE MVP/vendor/laravel/framework/src/Illuminate/Session/Middleware/StartSession.php(121): Illuminate\\Pipeline\\Pipeline->Illuminate\\Pipeline\\{closure}(Object(Illuminate\\Http\\Request))
#29 /Users/solarinayomide/Desktop/JEKACODE MVP/vendor/laravel/framework/src/Illuminate/Session/Middleware/StartSession.php(64): Illuminate\\Session\\Middleware\\StartSession->handleStatefulRequest(Object(Illuminate\\Http\\Request), Object(Illuminate\\Session\\Store), Object(Closure))
#30 /Users/solarinayomide/Desktop/JEKACODE MVP/vendor/laravel/framework/src/Illuminate/Pipeline/Pipeline.php(180): Illuminate\\Session\\Middleware\\StartSession->handle(Object(Illuminate\\Http\\Request), Object(Closure))
#31 /Users/solarinayomide/Desktop/JEKACODE MVP/vendor/laravel/framework/src/Illuminate/Cookie/Middleware/AddQueuedCookiesToResponse.php(37): Illuminate\\Pipeline\\Pipeline->Illuminate\\Pipeline\\{closure}(Object(Illuminate\\Http\\Request))
#32 /Users/solarinayomide/Desktop/JEKACODE MVP/vendor/laravel/framework/src/Illuminate/Pipeline/Pipeline.php(180): Illuminate\\Cookie\\Middleware\\AddQueuedCookiesToResponse->handle(Object(Illuminate\\Http\\Request), Object(Closure))
#33 /Users/solarinayomide/Desktop/JEKACODE MVP/vendor/laravel/framework/src/Illuminate/Cookie/Middleware/EncryptCookies.php(67): Illuminate\\Pipeline\\Pipeline->Illuminate\\Pipeline\\{closure}(Object(Illuminate\\Http\\Request))
#34 /Users/solarinayomide/Desktop/JEKACODE MVP/vendor/laravel/framework/src/Illuminate/Pipeline/Pipeline.php(180): Illuminate\\Cookie\\Middleware\\EncryptCookies->handle(Object(Illuminate\\Http\\Request), Object(Closure))
#35 /Users/solarinayomide/Desktop/JEKACODE MVP/vendor/laravel/framework/src/Illuminate/Pipeline/Pipeline.php(116): Illuminate\\Pipeline\\Pipeline->Illuminate\\Pipeline\\{closure}(Object(Illuminate\\Http\\Request))
#36 /Users/solarinayomide/Desktop/JEKACODE MVP/vendor/laravel/framework/src/Illuminate/Routing/Router.php(797): Illuminate\\Pipeline\\Pipeline->then(Object(Closure))
#37 /Users/solarinayomide/Desktop/JEKACODE MVP/vendor/laravel/framework/src/Illuminate/Routing/Router.php(776): Illuminate\\Routing\\Router->runRouteWithinStack(Object(Illuminate\\Routing\\Route), Object(Illuminate\\Http\\Request))
#38 /Users/solarinayomide/Desktop/JEKACODE MVP/vendor/laravel/framework/src/Illuminate/Routing/Router.php(740): Illuminate\\Routing\\Router->runRoute(Object(Illuminate\\Http\\Request), Object(Illuminate\\Routing\\Route))
#39 /Users/solarinayomide/Desktop/JEKACODE MVP/vendor/laravel/framework/src/Illuminate/Routing/Router.php(729): Illuminate\\Routing\\Router->dispatchToRoute(Object(Illuminate\\Http\\Request))
#40 /Users/solarinayomide/Desktop/JEKACODE MVP/vendor/laravel/framework/src/Illuminate/Foundation/Http/Kernel.php(190): Illuminate\\Routing\\Router->dispatch(Object(Illuminate\\Http\\Request))
#41 /Users/solarinayomide/Desktop/JEKACODE MVP/vendor/laravel/framework/src/Illuminate/Pipeline/Pipeline.php(141): Illuminate\\Foundation\\Http\\Kernel->Illuminate\\Foundation\\Http\\{closure}(Object(Illuminate\\Http\\Request))
#42 /Users/solarinayomide/Desktop/JEKACODE MVP/vendor/barryvdh/laravel-debugbar/src/Middleware/InjectDebugbar.php(66): Illuminate\\Pipeline\\Pipeline->Illuminate\\Pipeline\\{closure}(Object(Illuminate\\Http\\Request))
#43 /Users/solarinayomide/Desktop/JEKACODE MVP/vendor/laravel/framework/src/Illuminate/Pipeline/Pipeline.php(180): Barryvdh\\Debugbar\\Middleware\\InjectDebugbar->handle(Object(Illuminate\\Http\\Request), Object(Closure))
#44 /Users/solarinayomide/Desktop/JEKACODE MVP/vendor/laravel/framework/src/Illuminate/Foundation/Http/Middleware/TransformsRequest.php(21): Illuminate\\Pipeline\\Pipeline->Illuminate\\Pipeline\\{closure}(Object(Illuminate\\Http\\Request))
#45 /Users/solarinayomide/Desktop/JEKACODE MVP/vendor/laravel/framework/src/Illuminate/Foundation/Http/Middleware/ConvertEmptyStringsToNull.php(31): Illuminate\\Foundation\\Http\\Middleware\\TransformsRequest->handle(Object(Illuminate\\Http\\Request), Object(Closure))
#46 /Users/solarinayomide/Desktop/JEKACODE MVP/vendor/laravel/framework/src/Illuminate/Pipeline/Pipeline.php(180): Illuminate\\Foundation\\Http\\Middleware\\ConvertEmptyStringsToNull->handle(Object(Illuminate\\Http\\Request), Object(Closure))
#47 /Users/solarinayomide/Desktop/JEKACODE MVP/vendor/laravel/framework/src/Illuminate/Foundation/Http/Middleware/TransformsRequest.php(21): Illuminate\\Pipeline\\Pipeline->Illuminate\\Pipeline\\{closure}(Object(Illuminate\\Http\\Request))
#48 /Users/solarinayomide/Desktop/JEKACODE MVP/vendor/laravel/framework/src/Illuminate/Foundation/Http/Middleware/TrimStrings.php(40): Illuminate\\Foundation\\Http\\Middleware\\TransformsRequest->handle(Object(Illuminate\\Http\\Request), Object(Closure))
#49 /Users/solarinayomide/Desktop/JEKACODE MVP/vendor/laravel/framework/src/Illuminate/Pipeline/Pipeline.php(180): Illuminate\\Foundation\\Http\\Middleware\\TrimStrings->handle(Object(Illuminate\\Http\\Request), Object(Closure))
#50 /Users/solarinayomide/Desktop/JEKACODE MVP/vendor/laravel/framework/src/Illuminate/Foundation/Http/Middleware/ValidatePostSize.php(27): Illuminate\\Pipeline\\Pipeline->Illuminate\\Pipeline\\{closure}(Object(Illuminate\\Http\\Request))
#51 /Users/solarinayomide/Desktop/JEKACODE MVP/vendor/laravel/framework/src/Illuminate/Pipeline/Pipeline.php(180): Illuminate\\Foundation\\Http\\Middleware\\ValidatePostSize->handle(Object(Illuminate\\Http\\Request), Object(Closure))
#52 /Users/solarinayomide/Desktop/JEKACODE MVP/vendor/laravel/framework/src/Illuminate/Foundation/Http/Middleware/PreventRequestsDuringMaintenance.php(86): Illuminate\\Pipeline\\Pipeline->Illuminate\\Pipeline\\{closure}(Object(Illuminate\\Http\\Request))
#53 /Users/solarinayomide/Desktop/JEKACODE MVP/vendor/laravel/framework/src/Illuminate/Pipeline/Pipeline.php(180): Illuminate\\Foundation\\Http\\Middleware\\PreventRequestsDuringMaintenance->handle(Object(Illuminate\\Http\\Request), Object(Closure))
#54 /Users/solarinayomide/Desktop/JEKACODE MVP/vendor/fruitcake/laravel-cors/src/HandleCors.php(38): Illuminate\\Pipeline\\Pipeline->Illuminate\\Pipeline\\{closure}(Object(Illuminate\\Http\\Request))
#55 /Users/solarinayomide/Desktop/JEKACODE MVP/vendor/laravel/framework/src/Illuminate/Pipeline/Pipeline.php(180): Fruitcake\\Cors\\HandleCors->handle(Object(Illuminate\\Http\\Request), Object(Closure))
#56 /Users/solarinayomide/Desktop/JEKACODE MVP/vendor/laravel/framework/src/Illuminate/Http/Middleware/TrustProxies.php(39): Illuminate\\Pipeline\\Pipeline->Illuminate\\Pipeline\\{closure}(Object(Illuminate\\Http\\Request))
#57 /Users/solarinayomide/Desktop/JEKACODE MVP/vendor/laravel/framework/src/Illuminate/Pipeline/Pipeline.php(180): Illuminate\\Http\\Middleware\\TrustProxies->handle(Object(Illuminate\\Http\\Request), Object(Closure))
#58 /Users/solarinayomide/Desktop/JEKACODE MVP/vendor/laravel/framework/src/Illuminate/Pipeline/Pipeline.php(116): Illuminate\\Pipeline\\Pipeline->Illuminate\\Pipeline\\{closure}(Object(Illuminate\\Http\\Request))
#59 /Users/solarinayomide/Desktop/JEKACODE MVP/vendor/laravel/framework/src/Illuminate/Foundation/Http/Kernel.php(165): Illuminate\\Pipeline\\Pipeline->then(Object(Closure))
#60 /Users/solarinayomide/Desktop/JEKACODE MVP/vendor/laravel/framework/src/Illuminate/Foundation/Http/Kernel.php(134): Illuminate\\Foundation\\Http\\Kernel->sendRequestThroughRouter(Object(Illuminate\\Http\\Request))
#61 /Users/solarinayomide/Desktop/JEKACODE MVP/public/index.php(51): Illuminate\\Foundation\\Http\\Kernel->handle(Object(Illuminate\\Http\\Request))
#62 /Users/solarinayomide/Desktop/JEKACODE MVP/vendor/laravel/framework/src/Illuminate/Foundation/resources/server.php(16): require_once('/Users/solarina...')
#63 {main}

[previous exception] [object] (GuzzleHttp\\Exception\\ConnectException(code: 0): cURL error 6: Could not resolve host: ip-api.com (see https://curl.haxx.se/libcurl/c/libcurl-errors.html) for http://ip-api.com/json/127.0.0.1 at /Users/solarinayomide/Desktop/JEKACODE MVP/vendor/guzzlehttp/guzzle/src/Handler/CurlFactory.php:210)
[stacktrace]
#0 /Users/solarinayomide/Desktop/JEKACODE MVP/vendor/guzzlehttp/guzzle/src/Handler/CurlFactory.php(158): GuzzleHttp\\Handler\\CurlFactory::createRejection(Object(GuzzleHttp\\Handler\\EasyHandle), Array)
#1 /Users/solarinayomide/Desktop/JEKACODE MVP/vendor/guzzlehttp/guzzle/src/Handler/CurlFactory.php(110): GuzzleHttp\\Handler\\CurlFactory::finishError(Object(GuzzleHttp\\Handler\\CurlHandler), Object(GuzzleHttp\\Handler\\EasyHandle), Object(GuzzleHttp\\Handler\\CurlFactory))
#2 /Users/solarinayomide/Desktop/JEKACODE MVP/vendor/guzzlehttp/guzzle/src/Handler/CurlHandler.php(47): GuzzleHttp\\Handler\\CurlFactory::finish(Object(GuzzleHttp\\Handler\\CurlHandler), Object(GuzzleHttp\\Handler\\EasyHandle), Object(GuzzleHttp\\Handler\\CurlFactory))
#3 /Users/solarinayomide/Desktop/JEKACODE MVP/vendor/guzzlehttp/guzzle/src/Handler/Proxy.php(28): GuzzleHttp\\Handler\\CurlHandler->__invoke(Object(GuzzleHttp\\Psr7\\Request), Array)
#4 /Users/solarinayomide/Desktop/JEKACODE MVP/vendor/guzzlehttp/guzzle/src/Handler/Proxy.php(48): GuzzleHttp\\Handler\\Proxy::GuzzleHttp\\Handler\\{closure}(Object(GuzzleHttp\\Psr7\\Request), Array)
#5 /Users/solarinayomide/Desktop/JEKACODE MVP/vendor/laravel/framework/src/Illuminate/Http/Client/PendingRequest.php(1150): GuzzleHttp\\Handler\\Proxy::GuzzleHttp\\Handler\\{closure}(Object(GuzzleHttp\\Psr7\\Request), Array)
#6 /Users/solarinayomide/Desktop/JEKACODE MVP/vendor/laravel/framework/src/Illuminate/Http/Client/PendingRequest.php(1116): Illuminate\\Http\\Client\\PendingRequest->Illuminate\\Http\\Client\\{closure}(Object(GuzzleHttp\\Psr7\\Request), Array)
#7 /Users/solarinayomide/Desktop/JEKACODE MVP/vendor/laravel/framework/src/Illuminate/Http/Client/PendingRequest.php(1102): Illuminate\\Http\\Client\\PendingRequest->Illuminate\\Http\\Client\\{closure}(Object(GuzzleHttp\\Psr7\\Request), Array)
#8 /Users/solarinayomide/Desktop/JEKACODE MVP/vendor/guzzlehttp/guzzle/src/PrepareBodyMiddleware.php(35): Illuminate\\Http\\Client\\PendingRequest->Illuminate\\Http\\Client\\{closure}(Object(GuzzleHttp\\Psr7\\Request), Array)
#9 /Users/solarinayomide/Desktop/JEKACODE MVP/vendor/guzzlehttp/guzzle/src/Middleware.php(38): GuzzleHttp\\PrepareBodyMiddleware->__invoke(Object(GuzzleHttp\\Psr7\\Request), Array)
#10 /Users/solarinayomide/Desktop/JEKACODE MVP/vendor/guzzlehttp/guzzle/src/RedirectMiddleware.php(71): GuzzleHttp\\Middleware::GuzzleHttp\\{closure}(Object(GuzzleHttp\\Psr7\\Request), Array)
#11 /Users/solarinayomide/Desktop/JEKACODE MVP/vendor/guzzlehttp/guzzle/src/Middleware.php(63): GuzzleHttp\\RedirectMiddleware->__invoke(Object(GuzzleHttp\\Psr7\\Request), Array)
#12 /Users/solarinayomide/Desktop/JEKACODE MVP/vendor/guzzlehttp/guzzle/src/HandlerStack.php(75): GuzzleHttp\\Middleware::GuzzleHttp\\{closure}(Object(GuzzleHttp\\Psr7\\Request), Array)
#13 /Users/solarinayomide/Desktop/JEKACODE MVP/vendor/guzzlehttp/guzzle/src/Client.php(333): GuzzleHttp\\HandlerStack->__invoke(Object(GuzzleHttp\\Psr7\\Request), Array)
#14 /Users/solarinayomide/Desktop/JEKACODE MVP/vendor/guzzlehttp/guzzle/src/Client.php(169): GuzzleHttp\\Client->transfer(Object(GuzzleHttp\\Psr7\\Request), Array)
#15 /Users/solarinayomide/Desktop/JEKACODE MVP/vendor/guzzlehttp/guzzle/src/Client.php(189): GuzzleHttp\\Client->requestAsync('GET', Object(GuzzleHttp\\Psr7\\Uri), Array)
#16 /Users/solarinayomide/Desktop/JEKACODE MVP/vendor/laravel/framework/src/Illuminate/Http/Client/PendingRequest.php(961): GuzzleHttp\\Client->request('GET', 'http://ip-api.c...', Array)
#17 /Users/solarinayomide/Desktop/JEKACODE MVP/vendor/laravel/framework/src/Illuminate/Http/Client/PendingRequest.php(823): Illuminate\\Http\\Client\\PendingRequest->sendRequest('GET', 'http://ip-api.c...', Array)
#18 /Users/solarinayomide/Desktop/JEKACODE MVP/vendor/laravel/framework/src/Illuminate/Support/helpers.php(247): Illuminate\\Http\\Client\\PendingRequest->Illuminate\\Http\\Client\\{closure}(1)
#19 /Users/solarinayomide/Desktop/JEKACODE MVP/vendor/laravel/framework/src/Illuminate/Http/Client/PendingRequest.php(821): retry(0, Object(Closure), 100, Object(Closure))
#20 /Users/solarinayomide/Desktop/JEKACODE MVP/vendor/laravel/framework/src/Illuminate/Http/Client/PendingRequest.php(699): Illuminate\\Http\\Client\\PendingRequest->send('GET', 'http://ip-api.c...', Array)
#21 /Users/solarinayomide/Desktop/JEKACODE MVP/vendor/laravel/framework/src/Illuminate/Http/Client/Factory.php(385): Illuminate\\Http\\Client\\PendingRequest->get('http://ip-api.c...')
#22 /Users/solarinayomide/Desktop/JEKACODE MVP/vendor/laravel/framework/src/Illuminate/Support/Facades/Facade.php(338): Illuminate\\Http\\Client\\Factory->__call('get', Array)
#23 /Users/solarinayomide/Desktop/JEKACODE MVP/app/Mixins/Logs/UserLoginHistoryMixin.php(91): Illuminate\\Support\\Facades\\Facade::__callStatic('get', Array)
#24 /Users/solarinayomide/Desktop/JEKACODE MVP/app/Mixins/Logs/UserLoginHistoryMixin.php(38): App\\Mixins\\Logs\\UserLoginHistoryMixin->getUserLocation('127.0.0.1')
#25 /Users/solarinayomide/Desktop/JEKACODE MVP/app/Http/Controllers/Admin/LoginController.php(112): App\\Mixins\\Logs\\UserLoginHistoryMixin->storeUserLoginHistory(Object(App\\User))
#26 /Users/solarinayomide/Desktop/JEKACODE MVP/vendor/laravel/framework/src/Illuminate/Routing/Controller.php(54): App\\Http\\Controllers\\Admin\\LoginController->login(Object(Illuminate\\Http\\Request))
#27 /Users/solarinayomide/Desktop/JEKACODE MVP/vendor/laravel/framework/src/Illuminate/Routing/ControllerDispatcher.php(43): Illuminate\\Routing\\Controller->callAction('login', Array)
#28 /Users/solarinayomide/Desktop/JEKACODE MVP/vendor/laravel/framework/src/Illuminate/Routing/Route.php(259): Illuminate\\Routing\\ControllerDispatcher->dispatch(Object(Illuminate\\Routing\\Route), Object(App\\Http\\Controllers\\Admin\\LoginController), 'login')
#29 /Users/solarinayomide/Desktop/JEKACODE MVP/vendor/laravel/framework/src/Illuminate/Routing/Route.php(205): Illuminate\\Routing\\Route->runController()
#30 /Users/solarinayomide/Desktop/JEKACODE MVP/vendor/laravel/framework/src/Illuminate/Routing/Router.php(798): Illuminate\\Routing\\Route->run()
#31 /Users/solarinayomide/Desktop/JEKACODE MVP/vendor/laravel/framework/src/Illuminate/Pipeline/Pipeline.php(141): Illuminate\\Routing\\Router->Illuminate\\Routing\\{closure}(Object(Illuminate\\Http\\Request))
#32 /Users/solarinayomide/Desktop/JEKACODE MVP/app/Http/Middleware/RedirectIfAuthenticated.php(30): Illuminate\\Pipeline\\Pipeline->Illuminate\\Pipeline\\{closure}(Object(Illuminate\\Http\\Request))
#33 /Users/solarinayomide/Desktop/JEKACODE MVP/vendor/laravel/framework/src/Illuminate/Pipeline/Pipeline.php(180): App\\Http\\Middleware\\RedirectIfAuthenticated->handle(Object(Illuminate\\Http\\Request), Object(Closure))
#34 /Users/solarinayomide/Desktop/JEKACODE MVP/app/Http/Middleware/AdminLocale.php(37): Illuminate\\Pipeline\\Pipeline->Illuminate\\Pipeline\\{closure}(Object(Illuminate\\Http\\Request))
#35 /Users/solarinayomide/Desktop/JEKACODE MVP/vendor/laravel/framework/src/Illuminate/Pipeline/Pipeline.php(180): App\\Http\\Middleware\\AdminLocale->handle(Object(Illuminate\\Http\\Request), Object(Closure))
#36 /Users/solarinayomide/Desktop/JEKACODE MVP/app/Http/Middleware/DebugBar.php(22): Illuminate\\Pipeline\\Pipeline->Illuminate\\Pipeline\\{closure}(Object(Illuminate\\Http\\Request))
#37 /Users/solarinayomide/Desktop/JEKACODE MVP/vendor/laravel/framework/src/Illuminate/Pipeline/Pipeline.php(180): App\\Http\\Middleware\\DebugBar->handle(Object(Illuminate\\Http\\Request), Object(Closure))
#38 /Users/solarinayomide/Desktop/JEKACODE MVP/app/Http/Middleware/UserLocale.php(44): Illuminate\\Pipeline\\Pipeline->Illuminate\\Pipeline\\{closure}(Object(Illuminate\\Http\\Request))
#39 /Users/solarinayomide/Desktop/JEKACODE MVP/vendor/laravel/framework/src/Illuminate/Pipeline/Pipeline.php(180): App\\Http\\Middleware\\UserLocale->handle(Object(Illuminate\\Http\\Request), Object(Closure))
#40 /Users/solarinayomide/Desktop/JEKACODE MVP/vendor/laravel/framework/src/Illuminate/Routing/Middleware/SubstituteBindings.php(50): Illuminate\\Pipeline\\Pipeline->Illuminate\\Pipeline\\{closure}(Object(Illuminate\\Http\\Request))
#41 /Users/solarinayomide/Desktop/JEKACODE MVP/vendor/laravel/framework/src/Illuminate/Pipeline/Pipeline.php(180): Illuminate\\Routing\\Middleware\\SubstituteBindings->handle(Object(Illuminate\\Http\\Request), Object(Closure))
#42 /Users/solarinayomide/Desktop/JEKACODE MVP/vendor/laravel/framework/src/Illuminate/Foundation/Http/Middleware/VerifyCsrfToken.php(78): Illuminate\\Pipeline\\Pipeline->Illuminate\\Pipeline\\{closure}(Object(Illuminate\\Http\\Request))
#43 /Users/solarinayomide/Desktop/JEKACODE MVP/vendor/laravel/framework/src/Illuminate/Pipeline/Pipeline.php(180): Illuminate\\Foundation\\Http\\Middleware\\VerifyCsrfToken->handle(Object(Illuminate\\Http\\Request), Object(Closure))
#44 /Users/solarinayomide/Desktop/JEKACODE MVP/vendor/laravel/framework/src/Illuminate/View/Middleware/ShareErrorsFromSession.php(49): Illuminate\\Pipeline\\Pipeline->Illuminate\\Pipeline\\{closure}(Object(Illuminate\\Http\\Request))
#45 /Users/solarinayomide/Desktop/JEKACODE MVP/vendor/laravel/framework/src/Illuminate/Pipeline/Pipeline.php(180): Illuminate\\View\\Middleware\\ShareErrorsFromSession->handle(Object(Illuminate\\Http\\Request), Object(Closure))
#46 /Users/solarinayomide/Desktop/JEKACODE MVP/vendor/laravel/framework/src/Illuminate/Session/Middleware/StartSession.php(121): Illuminate\\Pipeline\\Pipeline->Illuminate\\Pipeline\\{closure}(Object(Illuminate\\Http\\Request))
#47 /Users/solarinayomide/Desktop/JEKACODE MVP/vendor/laravel/framework/src/Illuminate/Session/Middleware/StartSession.php(64): Illuminate\\Session\\Middleware\\StartSession->handleStatefulRequest(Object(Illuminate\\Http\\Request), Object(Illuminate\\Session\\Store), Object(Closure))
#48 /Users/solarinayomide/Desktop/JEKACODE MVP/vendor/laravel/framework/src/Illuminate/Pipeline/Pipeline.php(180): Illuminate\\Session\\Middleware\\StartSession->handle(Object(Illuminate\\Http\\Request), Object(Closure))
#49 /Users/solarinayomide/Desktop/JEKACODE MVP/vendor/laravel/framework/src/Illuminate/Cookie/Middleware/AddQueuedCookiesToResponse.php(37): Illuminate\\Pipeline\\Pipeline->Illuminate\\Pipeline\\{closure}(Object(Illuminate\\Http\\Request))
#50 /Users/solarinayomide/Desktop/JEKACODE MVP/vendor/laravel/framework/src/Illuminate/Pipeline/Pipeline.php(180): Illuminate\\Cookie\\Middleware\\AddQueuedCookiesToResponse->handle(Object(Illuminate\\Http\\Request), Object(Closure))
#51 /Users/solarinayomide/Desktop/JEKACODE MVP/vendor/laravel/framework/src/Illuminate/Cookie/Middleware/EncryptCookies.php(67): Illuminate\\Pipeline\\Pipeline->Illuminate\\Pipeline\\{closure}(Object(Illuminate\\Http\\Request))
#52 /Users/solarinayomide/Desktop/JEKACODE MVP/vendor/laravel/framework/src/Illuminate/Pipeline/Pipeline.php(180): Illuminate\\Cookie\\Middleware\\EncryptCookies->handle(Object(Illuminate\\Http\\Request), Object(Closure))
#53 /Users/solarinayomide/Desktop/JEKACODE MVP/vendor/laravel/framework/src/Illuminate/Pipeline/Pipeline.php(116): Illuminate\\Pipeline\\Pipeline->Illuminate\\Pipeline\\{closure}(Object(Illuminate\\Http\\Request))
#54 /Users/solarinayomide/Desktop/JEKACODE MVP/vendor/laravel/framework/src/Illuminate/Routing/Router.php(797): Illuminate\\Pipeline\\Pipeline->then(Object(Closure))
#55 /Users/solarinayomide/Desktop/JEKACODE MVP/vendor/laravel/framework/src/Illuminate/Routing/Router.php(776): Illuminate\\Routing\\Router->runRouteWithinStack(Object(Illuminate\\Routing\\Route), Object(Illuminate\\Http\\Request))
#56 /Users/solarinayomide/Desktop/JEKACODE MVP/vendor/laravel/framework/src/Illuminate/Routing/Router.php(740): Illuminate\\Routing\\Router->runRoute(Object(Illuminate\\Http\\Request), Object(Illuminate\\Routing\\Route))
#57 /Users/solarinayomide/Desktop/JEKACODE MVP/vendor/laravel/framework/src/Illuminate/Routing/Router.php(729): Illuminate\\Routing\\Router->dispatchToRoute(Object(Illuminate\\Http\\Request))
#58 /Users/solarinayomide/Desktop/JEKACODE MVP/vendor/laravel/framework/src/Illuminate/Foundation/Http/Kernel.php(190): Illuminate\\Routing\\Router->dispatch(Object(Illuminate\\Http\\Request))
#59 /Users/solarinayomide/Desktop/JEKACODE MVP/vendor/laravel/framework/src/Illuminate/Pipeline/Pipeline.php(141): Illuminate\\Foundation\\Http\\Kernel->Illuminate\\Foundation\\Http\\{closure}(Object(Illuminate\\Http\\Request))
#60 /Users/solarinayomide/Desktop/JEKACODE MVP/vendor/barryvdh/laravel-debugbar/src/Middleware/InjectDebugbar.php(66): Illuminate\\Pipeline\\Pipeline->Illuminate\\Pipeline\\{closure}(Object(Illuminate\\Http\\Request))
#61 /Users/solarinayomide/Desktop/JEKACODE MVP/vendor/laravel/framework/src/Illuminate/Pipeline/Pipeline.php(180): Barryvdh\\Debugbar\\Middleware\\InjectDebugbar->handle(Object(Illuminate\\Http\\Request), Object(Closure))
#62 /Users/solarinayomide/Desktop/JEKACODE MVP/vendor/laravel/framework/src/Illuminate/Foundation/Http/Middleware/TransformsRequest.php(21): Illuminate\\Pipeline\\Pipeline->Illuminate\\Pipeline\\{closure}(Object(Illuminate\\Http\\Request))
#63 /Users/solarinayomide/Desktop/JEKACODE MVP/vendor/laravel/framework/src/Illuminate/Foundation/Http/Middleware/ConvertEmptyStringsToNull.php(31): Illuminate\\Foundation\\Http\\Middleware\\TransformsRequest->handle(Object(Illuminate\\Http\\Request), Object(Closure))
#64 /Users/solarinayomide/Desktop/JEKACODE MVP/vendor/laravel/framework/src/Illuminate/Pipeline/Pipeline.php(180): Illuminate\\Foundation\\Http\\Middleware\\ConvertEmptyStringsToNull->handle(Object(Illuminate\\Http\\Request), Object(Closure))
#65 /Users/solarinayomide/Desktop/JEKACODE MVP/vendor/laravel/framework/src/Illuminate/Foundation/Http/Middleware/TransformsRequest.php(21): Illuminate\\Pipeline\\Pipeline->Illuminate\\Pipeline\\{closure}(Object(Illuminate\\Http\\Request))
#66 /Users/solarinayomide/Desktop/JEKACODE MVP/vendor/laravel/framework/src/Illuminate/Foundation/Http/Middleware/TrimStrings.php(40): Illuminate\\Foundation\\Http\\Middleware\\TransformsRequest->handle(Object(Illuminate\\Http\\Request), Object(Closure))
#67 /Users/solarinayomide/Desktop/JEKACODE MVP/vendor/laravel/framework/src/Illuminate/Pipeline/Pipeline.php(180): Illuminate\\Foundation\\Http\\Middleware\\TrimStrings->handle(Object(Illuminate\\Http\\Request), Object(Closure))
#68 /Users/solarinayomide/Desktop/JEKACODE MVP/vendor/laravel/framework/src/Illuminate/Foundation/Http/Middleware/ValidatePostSize.php(27): Illuminate\\Pipeline\\Pipeline->Illuminate\\Pipeline\\{closure}(Object(Illuminate\\Http\\Request))
#69 /Users/solarinayomide/Desktop/JEKACODE MVP/vendor/laravel/framework/src/Illuminate/Pipeline/Pipeline.php(180): Illuminate\\Foundation\\Http\\Middleware\\ValidatePostSize->handle(Object(Illuminate\\Http\\Request), Object(Closure))
#70 /Users/solarinayomide/Desktop/JEKACODE MVP/vendor/laravel/framework/src/Illuminate/Foundation/Http/Middleware/PreventRequestsDuringMaintenance.php(86): Illuminate\\Pipeline\\Pipeline->Illuminate\\Pipeline\\{closure}(Object(Illuminate\\Http\\Request))
#71 /Users/solarinayomide/Desktop/JEKACODE MVP/vendor/laravel/framework/src/Illuminate/Pipeline/Pipeline.php(180): Illuminate\\Foundation\\Http\\Middleware\\PreventRequestsDuringMaintenance->handle(Object(Illuminate\\Http\\Request), Object(Closure))
#72 /Users/solarinayomide/Desktop/JEKACODE MVP/vendor/fruitcake/laravel-cors/src/HandleCors.php(38): Illuminate\\Pipeline\\Pipeline->Illuminate\\Pipeline\\{closure}(Object(Illuminate\\Http\\Request))
#73 /Users/solarinayomide/Desktop/JEKACODE MVP/vendor/laravel/framework/src/Illuminate/Pipeline/Pipeline.php(180): Fruitcake\\Cors\\HandleCors->handle(Object(Illuminate\\Http\\Request), Object(Closure))
#74 /Users/solarinayomide/Desktop/JEKACODE MVP/vendor/laravel/framework/src/Illuminate/Http/Middleware/TrustProxies.php(39): Illuminate\\Pipeline\\Pipeline->Illuminate\\Pipeline\\{closure}(Object(Illuminate\\Http\\Request))
#75 /Users/solarinayomide/Desktop/JEKACODE MVP/vendor/laravel/framework/src/Illuminate/Pipeline/Pipeline.php(180): Illuminate\\Http\\Middleware\\TrustProxies->handle(Object(Illuminate\\Http\\Request), Object(Closure))
#76 /Users/solarinayomide/Desktop/JEKACODE MVP/vendor/laravel/framework/src/Illuminate/Pipeline/Pipeline.php(116): Illuminate\\Pipeline\\Pipeline->Illuminate\\Pipeline\\{closure}(Object(Illuminate\\Http\\Request))
#77 /Users/solarinayomide/Desktop/JEKACODE MVP/vendor/laravel/framework/src/Illuminate/Foundation/Http/Kernel.php(165): Illuminate\\Pipeline\\Pipeline->then(Object(Closure))
#78 /Users/solarinayomide/Desktop/JEKACODE MVP/vendor/laravel/framework/src/Illuminate/Foundation/Http/Kernel.php(134): Illuminate\\Foundation\\Http\\Kernel->sendRequestThroughRouter(Object(Illuminate\\Http\\Request))
#79 /Users/solarinayomide/Desktop/JEKACODE MVP/public/index.php(51): Illuminate\\Foundation\\Http\\Kernel->handle(Object(Illuminate\\Http\\Request))
#80 /Users/solarinayomide/Desktop/JEKACODE MVP/vendor/laravel/framework/src/Illuminate/Foundation/resources/server.php(16): require_once('/Users/solarina...')
#81 {main}
"} 
